<?xml version="1.0" encoding="UTF-8"?>
<!-- Generated by org.testng.reporters.JUnitXMLReporter -->
<testsuite hostname="L-156175309" ignored="0" name="Default test" tests="4" failures="0" timestamp="23 Jul 2020 07:32:18 GMT" time="115.825" errors="0">
  <testcase name="loginTest" time="5.032" classname="com.qa.testcases.LoginpageTest"/>
  <testcase name="searchForProductTest" time="16.478" classname="com.qa.testcases.LoginpageTest"/>
  <testcase name="addToCartTest" time="59.359" classname="com.qa.testcases.LoginpageTest"/>
  <testcase name="logOutTest" time="6.312" classname="com.qa.testcases.LoginpageTest"/>
</testsuite> <!-- Default test -->
